C:\CODE\POND2\DEBUG\POND2.EXE
C:\CODE\POND2\DEBUG\POND2.EXE.MANIFEST
C:\CODE\POND2\DEBUG\POND2.ILK
C:\CODE\POND2\DEBUG\POND2.PDB
C:\CODE\POND2\POND2\DEBUG\CALC.OBJ
C:\CODE\POND2\POND2\DEBUG\CONFIG.OBJ
C:\CODE\POND2\POND2\DEBUG\DCAFILE.OBJ
C:\CODE\POND2\POND2\DEBUG\POND2.EXE.INTERMEDIATE.MANIFEST
C:\CODE\POND2\POND2\DEBUG\POND2.OBJ
C:\CODE\POND2\POND2\DEBUG\SIGNAL.OBJ
C:\CODE\POND2\POND2\DEBUG\SUMMARY.OBJ
C:\CODE\POND2\POND2\DEBUG\VC100.PDB
E:\Projects\pond2\Debug\pond2.exe.manifest
E:\Projects\pond2\Debug\pond2.pdb
E:\PROJECTS\POND2\POND2\DEBUG\CALC.OBJ
E:\Projects\pond2\pond2\Debug\cl.command.1.tlog
E:\Projects\pond2\pond2\Debug\CL.read.1.tlog
E:\Projects\pond2\pond2\Debug\CL.write.1.tlog
E:\PROJECTS\POND2\POND2\DEBUG\CONFIG.OBJ
E:\PROJECTS\POND2\POND2\DEBUG\DCAFILE.OBJ
E:\Projects\pond2\pond2\Debug\link.11456.read.1.tlog
E:\Projects\pond2\pond2\Debug\link.11456.read.2.tlog
E:\Projects\pond2\pond2\Debug\link.11456.write.1.tlog
E:\Projects\pond2\pond2\Debug\link.1952.read.1.tlog
E:\Projects\pond2\pond2\Debug\link.1952.read.2.tlog
E:\Projects\pond2\pond2\Debug\link.1952.write.1.tlog
E:\Projects\pond2\pond2\Debug\link.2240.read.1.tlog
E:\Projects\pond2\pond2\Debug\link.2240.read.2.tlog
E:\Projects\pond2\pond2\Debug\link.2240.write.1.tlog
E:\Projects\pond2\pond2\Debug\link.6076.read.1.tlog
E:\Projects\pond2\pond2\Debug\link.6076.read.2.tlog
E:\Projects\pond2\pond2\Debug\link.6076.write.1.tlog
E:\Projects\pond2\pond2\Debug\link.7952.read.1.tlog
E:\Projects\pond2\pond2\Debug\link.7952.read.2.tlog
E:\Projects\pond2\pond2\Debug\link.7952.write.1.tlog
E:\Projects\pond2\pond2\Debug\link.command.1.tlog
E:\Projects\pond2\pond2\Debug\link.read.1.tlog
E:\Projects\pond2\pond2\Debug\link.read.2.tlog
E:\Projects\pond2\pond2\Debug\link.write.1.tlog
E:\Projects\pond2\pond2\Debug\mt.command.1.tlog
E:\Projects\pond2\pond2\Debug\mt.read.1.tlog
E:\Projects\pond2\pond2\Debug\mt.write.1.tlog
E:\PROJECTS\POND2\POND2\DEBUG\POND2.EXE
E:\Projects\pond2\pond2\Debug\pond2.exe.intermediate.manifest
E:\PROJECTS\POND2\POND2\DEBUG\POND2.ILK
E:\PROJECTS\POND2\POND2\DEBUG\POND2.OBJ
E:\PROJECTS\POND2\POND2\DEBUG\POND2.PDB
E:\Projects\pond2\pond2\Debug\pond2.vcxprojResolveAssemblyReference.cache
E:\Projects\pond2\pond2\Debug\pond2.write.1.tlog
E:\PROJECTS\POND2\POND2\DEBUG\SIGNAL.OBJ
E:\PROJECTS\POND2\POND2\DEBUG\SUMMARY.OBJ
E:\Projects\pond2\pond2\Debug\vc100.idb
E:\PROJECTS\POND2\POND2\DEBUG\VC100.PDB
E:\PROJECTS\POND2\POND2\POND2\DEBUG\CALC.OBJ
E:\PROJECTS\POND2\POND2\POND2\DEBUG\CONFIG.OBJ
E:\PROJECTS\POND2\POND2\POND2\DEBUG\DCAFILE.OBJ
E:\PROJECTS\POND2\POND2\POND2\DEBUG\POND2.EXE.INTERMEDIATE.MANIFEST
E:\PROJECTS\POND2\POND2\POND2\DEBUG\POND2.OBJ
E:\PROJECTS\POND2\POND2\POND2\DEBUG\SIGNAL.OBJ
E:\PROJECTS\POND2\POND2\POND2\DEBUG\SUMMARY.OBJ
E:\PROJECTS\POND2\POND2\POND2\DEBUG\VC100.PDB
